Analysis & Synthesis report for Final
Sat Dec 07 19:08:26 2024
Quartus Prime Version 19.1.0 Build 670 09/22/2019 SJ Lite Edition


---------------------
; Table of Contents ;
---------------------
  1. Legal Notice
  2. Analysis & Synthesis Summary
  3. Analysis & Synthesis Settings
  4. Parallel Compilation
  5. Analysis & Synthesis Source Files Read
  6. Analysis & Synthesis Resource Usage Summary
  7. Analysis & Synthesis Resource Utilization by Entity
  8. State Machine - |digital_timer|spinny:spin|state
  9. Registers Removed During Synthesis
 10. Removed Registers Triggering Further Register Optimizations
 11. General Register Statistics
 12. Inverted Register Statistics
 13. Multiplexer Restructuring Statistics (Restructuring Performed)
 14. Parameter Settings for User Entity Instance: timer_fsm:fsm
 15. Parameter Settings for User Entity Instance: spinny:spin
 16. Parameter Settings for Inferred Entity Instance: display:disp|lpm_divide:Mod0
 17. Parameter Settings for Inferred Entity Instance: display:disp|lpm_divide:Div0
 18. Port Connectivity Checks: "spinny:spin"
 19. Port Connectivity Checks: "countdown_timer:timer"
 20. Port Connectivity Checks: "timer_fsm:fsm"
 21. Post-Synthesis Netlist Statistics for Top Partition
 22. Elapsed Time Per Partition
 23. Analysis & Synthesis Messages
 24. Analysis & Synthesis Suppressed Messages



----------------
; Legal Notice ;
----------------
Copyright (C) 2019  Intel Corporation. All rights reserved.
Your use of Intel Corporation's design tools, logic functions 
and other software and tools, and any partner logic 
functions, and any output files from any of the foregoing 
(including device programming or simulation files), and any 
associated documentation or information are expressly subject 
to the terms and conditions of the Intel Program License 
Subscription Agreement, the Intel Quartus Prime License Agreement,
the Intel FPGA IP License Agreement, or other applicable license
agreement, including, without limitation, that your use is for
the sole purpose of programming logic devices manufactured by
Intel and sold by Intel or its authorized distributors.  Please
refer to the applicable agreement for further details, at
https://fpgasoftware.intel.com/eula.



+-------------------------------------------------------------------------------+
; Analysis & Synthesis Summary                                                  ;
+---------------------------------+---------------------------------------------+
; Analysis & Synthesis Status     ; Successful - Sat Dec 07 19:08:26 2024       ;
; Quartus Prime Version           ; 19.1.0 Build 670 09/22/2019 SJ Lite Edition ;
; Revision Name                   ; Final                                       ;
; Top-level Entity Name           ; digital_timer                               ;
; Family                          ; Cyclone V                                   ;
; Logic utilization (in ALMs)     ; N/A                                         ;
; Total registers                 ; 50                                          ;
; Total pins                      ; 35                                          ;
; Total virtual pins              ; 0                                           ;
; Total block memory bits         ; 0                                           ;
; Total DSP Blocks                ; 0                                           ;
; Total HSSI RX PCSs              ; 0                                           ;
; Total HSSI PMA RX Deserializers ; 0                                           ;
; Total HSSI TX PCSs              ; 0                                           ;
; Total HSSI PMA TX Serializers   ; 0                                           ;
; Total PLLs                      ; 0                                           ;
; Total DLLs                      ; 0                                           ;
+---------------------------------+---------------------------------------------+


+---------------------------------------------------------------------------------------------------------------------------+
; Analysis & Synthesis Settings                                                                                             ;
+---------------------------------------------------------------------------------+--------------------+--------------------+
; Option                                                                          ; Setting            ; Default Value      ;
+---------------------------------------------------------------------------------+--------------------+--------------------+
; Device                                                                          ; 5CEBA4F23C7        ;                    ;
; Top-level entity name                                                           ; digital_timer      ; Final              ;
; Family name                                                                     ; Cyclone V          ; Cyclone V          ;
; Use smart compilation                                                           ; Off                ; Off                ;
; Enable parallel Assembler and Timing Analyzer during compilation                ; On                 ; On                 ;
; Enable compact report table                                                     ; Off                ; Off                ;
; Restructure Multiplexers                                                        ; Auto               ; Auto               ;
; MLAB Add Timing Constraints For Mixed-Port Feed-Through Mode Setting Don't Care ; Off                ; Off                ;
; Create Debugging Nodes for IP Cores                                             ; Off                ; Off                ;
; Preserve fewer node names                                                       ; On                 ; On                 ;
; Intel FPGA IP Evaluation Mode                                                   ; Enable             ; Enable             ;
; Verilog Version                                                                 ; Verilog_2001       ; Verilog_2001       ;
; VHDL Version                                                                    ; VHDL_1993          ; VHDL_1993          ;
; State Machine Processing                                                        ; Auto               ; Auto               ;
; Safe State Machine                                                              ; Off                ; Off                ;
; Extract Verilog State Machines                                                  ; On                 ; On                 ;
; Extract VHDL State Machines                                                     ; On                 ; On                 ;
; Ignore Verilog initial constructs                                               ; Off                ; Off                ;
; Iteration limit for constant Verilog loops                                      ; 5000               ; 5000               ;
; Iteration limit for non-constant Verilog loops                                  ; 250                ; 250                ;
; Add Pass-Through Logic to Inferred RAMs                                         ; On                 ; On                 ;
; Infer RAMs from Raw Logic                                                       ; On                 ; On                 ;
; Parallel Synthesis                                                              ; On                 ; On                 ;
; DSP Block Balancing                                                             ; Auto               ; Auto               ;
; NOT Gate Push-Back                                                              ; On                 ; On                 ;
; Power-Up Don't Care                                                             ; On                 ; On                 ;
; Remove Redundant Logic Cells                                                    ; Off                ; Off                ;
; Remove Duplicate Registers                                                      ; On                 ; On                 ;
; Ignore CARRY Buffers                                                            ; Off                ; Off                ;
; Ignore CASCADE Buffers                                                          ; Off                ; Off                ;
; Ignore GLOBAL Buffers                                                           ; Off                ; Off                ;
; Ignore ROW GLOBAL Buffers                                                       ; Off                ; Off                ;
; Ignore LCELL Buffers                                                            ; Off                ; Off                ;
; Ignore SOFT Buffers                                                             ; On                 ; On                 ;
; Limit AHDL Integers to 32 Bits                                                  ; Off                ; Off                ;
; Optimization Technique                                                          ; Balanced           ; Balanced           ;
; Carry Chain Length                                                              ; 70                 ; 70                 ;
; Auto Carry Chains                                                               ; On                 ; On                 ;
; Auto Open-Drain Pins                                                            ; On                 ; On                 ;
; Perform WYSIWYG Primitive Resynthesis                                           ; Off                ; Off                ;
; Auto ROM Replacement                                                            ; On                 ; On                 ;
; Auto RAM Replacement                                                            ; On                 ; On                 ;
; Auto DSP Block Replacement                                                      ; On                 ; On                 ;
; Auto Shift Register Replacement                                                 ; Auto               ; Auto               ;
; Allow Shift Register Merging across Hierarchies                                 ; Auto               ; Auto               ;
; Auto Clock Enable Replacement                                                   ; On                 ; On                 ;
; Strict RAM Replacement                                                          ; Off                ; Off                ;
; Allow Synchronous Control Signals                                               ; On                 ; On                 ;
; Force Use of Synchronous Clear Signals                                          ; Off                ; Off                ;
; Auto Resource Sharing                                                           ; Off                ; Off                ;
; Allow Any RAM Size For Recognition                                              ; Off                ; Off                ;
; Allow Any ROM Size For Recognition                                              ; Off                ; Off                ;
; Allow Any Shift Register Size For Recognition                                   ; Off                ; Off                ;
; Use LogicLock Constraints during Resource Balancing                             ; On                 ; On                 ;
; Ignore translate_off and synthesis_off directives                               ; Off                ; Off                ;
; Timing-Driven Synthesis                                                         ; On                 ; On                 ;
; Report Parameter Settings                                                       ; On                 ; On                 ;
; Report Source Assignments                                                       ; On                 ; On                 ;
; Report Connectivity Checks                                                      ; On                 ; On                 ;
; Ignore Maximum Fan-Out Assignments                                              ; Off                ; Off                ;
; Synchronization Register Chain Length                                           ; 3                  ; 3                  ;
; Power Optimization During Synthesis                                             ; Normal compilation ; Normal compilation ;
; HDL message level                                                               ; Level2             ; Level2             ;
; Suppress Register Optimization Related Messages                                 ; Off                ; Off                ;
; Number of Removed Registers Reported in Synthesis Report                        ; 5000               ; 5000               ;
; Number of Swept Nodes Reported in Synthesis Report                              ; 5000               ; 5000               ;
; Number of Inverted Registers Reported in Synthesis Report                       ; 100                ; 100                ;
; Clock MUX Protection                                                            ; On                 ; On                 ;
; Auto Gated Clock Conversion                                                     ; Off                ; Off                ;
; Block Design Naming                                                             ; Auto               ; Auto               ;
; SDC constraint protection                                                       ; Off                ; Off                ;
; Synthesis Effort                                                                ; Auto               ; Auto               ;
; Shift Register Replacement - Allow Asynchronous Clear Signal                    ; On                 ; On                 ;
; Pre-Mapping Resynthesis Optimization                                            ; Off                ; Off                ;
; Analysis & Synthesis Message Level                                              ; Medium             ; Medium             ;
; Disable Register Merging Across Hierarchies                                     ; Auto               ; Auto               ;
; Resource Aware Inference For Block RAM                                          ; On                 ; On                 ;
; Automatic Parallel Synthesis                                                    ; On                 ; On                 ;
; Partial Reconfiguration Bitstream ID                                            ; Off                ; Off                ;
+---------------------------------------------------------------------------------+--------------------+--------------------+


+------------------------------------------+
; Parallel Compilation                     ;
+----------------------------+-------------+
; Processors                 ; Number      ;
+----------------------------+-------------+
; Number detected on machine ; 24          ;
; Maximum allowed            ; 16          ;
;                            ;             ;
; Average used               ; 1.00        ;
; Maximum used               ; 16          ;
;                            ;             ;
; Usage by Processor         ; % Time Used ;
;     Processor 1            ; 100.0%      ;
;     Processors 2-16        ;   0.0%      ;
+----------------------------+-------------+


+--------------------------------------------------------------------------------------------------------------------------------------------------------------------------+
; Analysis & Synthesis Source Files Read                                                                                                                                   ;
+----------------------------------+-----------------+------------------------------+----------------------------------------------------------------------------+---------+
; File Name with User-Entered Path ; Used in Netlist ; File Type                    ; File Name with Absolute Path                                               ; Library ;
+----------------------------------+-----------------+------------------------------+----------------------------------------------------------------------------+---------+
; timer_fsm.v                      ; yes             ; User Verilog HDL File        ; C:/Users/16146/Documents/ECE Labs/ssh sdhfdgjfd/timer_fsm.v                ;         ;
; countdown_timer.v                ; yes             ; User Verilog HDL File        ; C:/Users/16146/Documents/ECE Labs/ssh sdhfdgjfd/countdown_timer.v          ;         ;
; digital_timer.v                  ; yes             ; User Verilog HDL File        ; C:/Users/16146/Documents/ECE Labs/ssh sdhfdgjfd/digital_timer.v            ;         ;
; Hz_1.v                           ; yes             ; User Verilog HDL File        ; C:/Users/16146/Documents/ECE Labs/ssh sdhfdgjfd/Hz_1.v                     ;         ;
; seg7.v                           ; yes             ; User Verilog HDL File        ; C:/Users/16146/Documents/ECE Labs/ssh sdhfdgjfd/seg7.v                     ;         ;
; display.v                        ; yes             ; User Verilog HDL File        ; C:/Users/16146/Documents/ECE Labs/ssh sdhfdgjfd/display.v                  ;         ;
; spinny.v                         ; yes             ; User Verilog HDL File        ; C:/Users/16146/Documents/ECE Labs/ssh sdhfdgjfd/spinny.v                   ;         ;
; lpm_divide.tdf                   ; yes             ; Megafunction                 ; c:/intelfpga_lite/19.1/quartus/libraries/megafunctions/lpm_divide.tdf      ;         ;
; abs_divider.inc                  ; yes             ; Megafunction                 ; c:/intelfpga_lite/19.1/quartus/libraries/megafunctions/abs_divider.inc     ;         ;
; sign_div_unsign.inc              ; yes             ; Megafunction                 ; c:/intelfpga_lite/19.1/quartus/libraries/megafunctions/sign_div_unsign.inc ;         ;
; aglobal191.inc                   ; yes             ; Megafunction                 ; c:/intelfpga_lite/19.1/quartus/libraries/megafunctions/aglobal191.inc      ;         ;
; db/lpm_divide_62m.tdf            ; yes             ; Auto-Generated Megafunction  ; C:/Users/16146/Documents/ECE Labs/ssh sdhfdgjfd/db/lpm_divide_62m.tdf      ;         ;
; db/sign_div_unsign_9kh.tdf       ; yes             ; Auto-Generated Megafunction  ; C:/Users/16146/Documents/ECE Labs/ssh sdhfdgjfd/db/sign_div_unsign_9kh.tdf ;         ;
; db/alt_u_div_ose.tdf             ; yes             ; Auto-Generated Megafunction  ; C:/Users/16146/Documents/ECE Labs/ssh sdhfdgjfd/db/alt_u_div_ose.tdf       ;         ;
; db/lpm_divide_3am.tdf            ; yes             ; Auto-Generated Megafunction  ; C:/Users/16146/Documents/ECE Labs/ssh sdhfdgjfd/db/lpm_divide_3am.tdf      ;         ;
+----------------------------------+-----------------+------------------------------+----------------------------------------------------------------------------+---------+


+--------------------------------------------------------------------+
; Analysis & Synthesis Resource Usage Summary                        ;
+---------------------------------------------+----------------------+
; Resource                                    ; Usage                ;
+---------------------------------------------+----------------------+
; Estimate of Logic utilization (ALMs needed) ; 70                   ;
;                                             ;                      ;
; Combinational ALUT usage for logic          ; 126                  ;
;     -- 7 input functions                    ; 1                    ;
;     -- 6 input functions                    ; 11                   ;
;     -- 5 input functions                    ; 7                    ;
;     -- 4 input functions                    ; 12                   ;
;     -- <=3 input functions                  ; 95                   ;
;                                             ;                      ;
; Dedicated logic registers                   ; 50                   ;
;                                             ;                      ;
; I/O pins                                    ; 35                   ;
;                                             ;                      ;
; Total DSP Blocks                            ; 0                    ;
;                                             ;                      ;
; Maximum fan-out node                        ; Hz_1:clkdiv|Equal0~6 ;
; Maximum fan-out                             ; 33                   ;
; Total fan-out                               ; 582                  ;
; Average fan-out                             ; 2.37                 ;
+---------------------------------------------+----------------------+


+-----------------------------------------------------------------------------------------------------------------------------------------------------------------------------------------------------------------------------------------------------------------------------------------------------------------------+
; Analysis & Synthesis Resource Utilization by Entity                                                                                                                                                                                                                                                                   ;
+-------------------------------------------+---------------------+---------------------------+-------------------+------------+------+--------------+-----------------------------------------------------------------------------------------------------------------------------+---------------------+--------------+
; Compilation Hierarchy Node                ; Combinational ALUTs ; Dedicated Logic Registers ; Block Memory Bits ; DSP Blocks ; Pins ; Virtual Pins ; Full Hierarchy Name                                                                                                         ; Entity Name         ; Library Name ;
+-------------------------------------------+---------------------+---------------------------+-------------------+------------+------+--------------+-----------------------------------------------------------------------------------------------------------------------------+---------------------+--------------+
; |digital_timer                            ; 126 (0)             ; 50 (0)                    ; 0                 ; 0          ; 35   ; 0            ; |digital_timer                                                                                                              ; digital_timer       ; work         ;
;    |Hz_1:clkdiv|                          ; 39 (39)             ; 33 (33)                   ; 0                 ; 0          ; 0    ; 0            ; |digital_timer|Hz_1:clkdiv                                                                                                  ; Hz_1                ; work         ;
;    |countdown_timer:timer|                ; 11 (11)             ; 13 (13)                   ; 0                 ; 0          ; 0    ; 0            ; |digital_timer|countdown_timer:timer                                                                                        ; countdown_timer     ; work         ;
;    |display:disp|                         ; 72 (0)              ; 0 (0)                     ; 0                 ; 0          ; 0    ; 0            ; |digital_timer|display:disp                                                                                                 ; display             ; work         ;
;       |lpm_divide:Div0|                   ; 27 (0)              ; 0 (0)                     ; 0                 ; 0          ; 0    ; 0            ; |digital_timer|display:disp|lpm_divide:Div0                                                                                 ; lpm_divide          ; work         ;
;          |lpm_divide_3am:auto_generated|  ; 27 (0)              ; 0 (0)                     ; 0                 ; 0          ; 0    ; 0            ; |digital_timer|display:disp|lpm_divide:Div0|lpm_divide_3am:auto_generated                                                   ; lpm_divide_3am      ; work         ;
;             |sign_div_unsign_9kh:divider| ; 27 (0)              ; 0 (0)                     ; 0                 ; 0          ; 0    ; 0            ; |digital_timer|display:disp|lpm_divide:Div0|lpm_divide_3am:auto_generated|sign_div_unsign_9kh:divider                       ; sign_div_unsign_9kh ; work         ;
;                |alt_u_div_ose:divider|    ; 27 (27)             ; 0 (0)                     ; 0                 ; 0          ; 0    ; 0            ; |digital_timer|display:disp|lpm_divide:Div0|lpm_divide_3am:auto_generated|sign_div_unsign_9kh:divider|alt_u_div_ose:divider ; alt_u_div_ose       ; work         ;
;       |lpm_divide:Mod0|                   ; 31 (0)              ; 0 (0)                     ; 0                 ; 0          ; 0    ; 0            ; |digital_timer|display:disp|lpm_divide:Mod0                                                                                 ; lpm_divide          ; work         ;
;          |lpm_divide_62m:auto_generated|  ; 31 (0)              ; 0 (0)                     ; 0                 ; 0          ; 0    ; 0            ; |digital_timer|display:disp|lpm_divide:Mod0|lpm_divide_62m:auto_generated                                                   ; lpm_divide_62m      ; work         ;
;             |sign_div_unsign_9kh:divider| ; 31 (0)              ; 0 (0)                     ; 0                 ; 0          ; 0    ; 0            ; |digital_timer|display:disp|lpm_divide:Mod0|lpm_divide_62m:auto_generated|sign_div_unsign_9kh:divider                       ; sign_div_unsign_9kh ; work         ;
;                |alt_u_div_ose:divider|    ; 31 (31)             ; 0 (0)                     ; 0                 ; 0          ; 0    ; 0            ; |digital_timer|display:disp|lpm_divide:Mod0|lpm_divide_62m:auto_generated|sign_div_unsign_9kh:divider|alt_u_div_ose:divider ; alt_u_div_ose       ; work         ;
;       |seg7:onesDisp|                     ; 7 (7)               ; 0 (0)                     ; 0                 ; 0          ; 0    ; 0            ; |digital_timer|display:disp|seg7:onesDisp                                                                                   ; seg7                ; work         ;
;       |seg7:tensDisp|                     ; 7 (7)               ; 0 (0)                     ; 0                 ; 0          ; 0    ; 0            ; |digital_timer|display:disp|seg7:tensDisp                                                                                   ; seg7                ; work         ;
;    |timer_fsm:fsm|                        ; 4 (4)               ; 4 (4)                     ; 0                 ; 0          ; 0    ; 0            ; |digital_timer|timer_fsm:fsm                                                                                                ; timer_fsm           ; work         ;
+-------------------------------------------+---------------------+---------------------------+-------------------+------------+------+--------------+-----------------------------------------------------------------------------------------------------------------------------+---------------------+--------------+
Note: For table entries with two numbers listed, the numbers in parentheses indicate the number of resources of the given type used by the specific entity alone. The numbers listed outside of parentheses indicate the total resources of the given type used by the specific entity and all of its sub-entities in the hierarchy.


Encoding Type:  One-Hot
+---------------------------------------------------------------------------------+
; State Machine - |digital_timer|spinny:spin|state                                ;
+----------+----------+---------+---------+---------+---------+---------+---------+
; Name     ; state.G1 ; state.F ; state.E ; state.D ; state.C ; state.B ; state.A ;
+----------+----------+---------+---------+---------+---------+---------+---------+
; state.A  ; 0        ; 0       ; 0       ; 0       ; 0       ; 0       ; 0       ;
; state.B  ; 0        ; 0       ; 0       ; 0       ; 0       ; 1       ; 1       ;
; state.C  ; 0        ; 0       ; 0       ; 0       ; 1       ; 0       ; 1       ;
; state.D  ; 0        ; 0       ; 0       ; 1       ; 0       ; 0       ; 1       ;
; state.E  ; 0        ; 0       ; 1       ; 0       ; 0       ; 0       ; 1       ;
; state.F  ; 0        ; 1       ; 0       ; 0       ; 0       ; 0       ; 1       ;
; state.G1 ; 1        ; 0       ; 0       ; 0       ; 0       ; 0       ; 1       ;
+----------+----------+---------+---------+---------+---------+---------+---------+


+-------------------------------------------------------------+
; Registers Removed During Synthesis                          ;
+----------------------------------------+--------------------+
; Register name                          ; Reason for Removal ;
+----------------------------------------+--------------------+
; spinny:spin|state~6                    ; Lost fanout        ;
; spinny:spin|state~7                    ; Lost fanout        ;
; spinny:spin|state~8                    ; Lost fanout        ;
; spinny:spin|state.A                    ; Lost fanout        ;
; spinny:spin|state.B                    ; Lost fanout        ;
; spinny:spin|state.C                    ; Lost fanout        ;
; spinny:spin|state.D                    ; Lost fanout        ;
; spinny:spin|state.E                    ; Lost fanout        ;
; spinny:spin|state.F                    ; Lost fanout        ;
; spinny:spin|state.G1                   ; Lost fanout        ;
; Total Number of Removed Registers = 10 ;                    ;
+----------------------------------------+--------------------+


+-------------------------------------------------------------------------------------------------------------------------------+
; Removed Registers Triggering Further Register Optimizations                                                                   ;
+---------------------+--------------------+------------------------------------------------------------------------------------+
; Register name       ; Reason for Removal ; Registers Removed due to This Register                                             ;
+---------------------+--------------------+------------------------------------------------------------------------------------+
; spinny:spin|state~6 ; Lost Fanouts       ; spinny:spin|state.B, spinny:spin|state.D, spinny:spin|state.E, spinny:spin|state.F ;
; spinny:spin|state~7 ; Lost Fanouts       ; spinny:spin|state.C, spinny:spin|state.G1                                          ;
+---------------------+--------------------+------------------------------------------------------------------------------------+


+------------------------------------------------------+
; General Register Statistics                          ;
+----------------------------------------------+-------+
; Statistic                                    ; Value ;
+----------------------------------------------+-------+
; Total registers                              ; 50    ;
; Number of registers using Synchronous Clear  ; 32    ;
; Number of registers using Synchronous Load   ; 0     ;
; Number of registers using Asynchronous Clear ; 17    ;
; Number of registers using Asynchronous Load  ; 0     ;
; Number of registers using Clock Enable       ; 6     ;
; Number of registers using Preset             ; 0     ;
+----------------------------------------------+-------+


+--------------------------------------------------+
; Inverted Register Statistics                     ;
+----------------------------------------+---------+
; Inverted Register                      ; Fan out ;
+----------------------------------------+---------+
; timer_fsm:fsm|load                     ; 16      ;
; Total number of inverted registers = 1 ;         ;
+----------------------------------------+---------+


+-----------------------------------------------------------------------------------------------------------------------------------------------------------------+
; Multiplexer Restructuring Statistics (Restructuring Performed)                                                                                                  ;
+--------------------+-----------+---------------+----------------------+------------------------+------------+---------------------------------------------------+
; Multiplexer Inputs ; Bus Width ; Baseline Area ; Area if Restructured ; Saving if Restructured ; Registered ; Example Multiplexer Output                        ;
+--------------------+-----------+---------------+----------------------+------------------------+------------+---------------------------------------------------+
; 3:1                ; 6 bits    ; 12 LEs        ; 6 LEs                ; 6 LEs                  ; Yes        ; |digital_timer|countdown_timer:timer|time_left[5] ;
; 7:1                ; 2 bits    ; 8 LEs         ; 4 LEs                ; 4 LEs                  ; Yes        ; |digital_timer|timer_fsm:fsm|state[1]             ;
+--------------------+-----------+---------------+----------------------+------------------------+------------+---------------------------------------------------+


+------------------------------------------------------------+
; Parameter Settings for User Entity Instance: timer_fsm:fsm ;
+----------------+-------+-----------------------------------+
; Parameter Name ; Value ; Type                              ;
+----------------+-------+-----------------------------------+
; INPUT          ; 00    ; Unsigned Binary                   ;
; COUNTDOWN      ; 01    ; Unsigned Binary                   ;
; FINISH         ; 10    ; Unsigned Binary                   ;
+----------------+-------+-----------------------------------+
Note: In order to hide this table in the UI and the text report file, please set the "Show Parameter Settings in Synthesis Report" option in "Analysis and Synthesis Settings -> More Settings" to "Off".


+----------------------------------------------------------+
; Parameter Settings for User Entity Instance: spinny:spin ;
+----------------+---------+-------------------------------+
; Parameter Name ; Value   ; Type                          ;
+----------------+---------+-------------------------------+
; A              ; 000     ; Unsigned Binary               ;
; B              ; 001     ; Unsigned Binary               ;
; C              ; 010     ; Unsigned Binary               ;
; D              ; 011     ; Unsigned Binary               ;
; E              ; 100     ; Unsigned Binary               ;
; F              ; 101     ; Unsigned Binary               ;
; G1             ; 110     ; Unsigned Binary               ;
; G2             ; 110     ; Unsigned Binary               ;
; A_seg          ; 0111111 ; Unsigned Binary               ;
; B_seg          ; 1011111 ; Unsigned Binary               ;
; C_seg          ; 1101111 ; Unsigned Binary               ;
; D_seg          ; 1110111 ; Unsigned Binary               ;
; E_seg          ; 1111011 ; Unsigned Binary               ;
; F_seg          ; 1111101 ; Unsigned Binary               ;
; G_seg          ; 1111110 ; Unsigned Binary               ;
+----------------+---------+-------------------------------+
Note: In order to hide this table in the UI and the text report file, please set the "Show Parameter Settings in Synthesis Report" option in "Analysis and Synthesis Settings -> More Settings" to "Off".


+-------------------------------------------------------------------------------+
; Parameter Settings for Inferred Entity Instance: display:disp|lpm_divide:Mod0 ;
+------------------------+----------------+-------------------------------------+
; Parameter Name         ; Value          ; Type                                ;
+------------------------+----------------+-------------------------------------+
; LPM_WIDTHN             ; 6              ; Untyped                             ;
; LPM_WIDTHD             ; 4              ; Untyped                             ;
; LPM_NREPRESENTATION    ; UNSIGNED       ; Untyped                             ;
; LPM_DREPRESENTATION    ; UNSIGNED       ; Untyped                             ;
; LPM_PIPELINE           ; 0              ; Untyped                             ;
; LPM_REMAINDERPOSITIVE  ; TRUE           ; Untyped                             ;
; MAXIMIZE_SPEED         ; 5              ; Untyped                             ;
; CBXI_PARAMETER         ; lpm_divide_62m ; Untyped                             ;
; CARRY_CHAIN            ; MANUAL         ; Untyped                             ;
; OPTIMIZE_FOR_SPEED     ; 5              ; Untyped                             ;
; AUTO_CARRY_CHAINS      ; ON             ; AUTO_CARRY                          ;
; IGNORE_CARRY_BUFFERS   ; OFF            ; IGNORE_CARRY                        ;
; AUTO_CASCADE_CHAINS    ; ON             ; AUTO_CASCADE                        ;
; IGNORE_CASCADE_BUFFERS ; OFF            ; IGNORE_CASCADE                      ;
+------------------------+----------------+-------------------------------------+
Note: In order to hide this table in the UI and the text report file, please set the "Show Parameter Settings in Synthesis Report" option in "Analysis and Synthesis Settings -> More Settings" to "Off".


+-------------------------------------------------------------------------------+
; Parameter Settings for Inferred Entity Instance: display:disp|lpm_divide:Div0 ;
+------------------------+----------------+-------------------------------------+
; Parameter Name         ; Value          ; Type                                ;
+------------------------+----------------+-------------------------------------+
; LPM_WIDTHN             ; 6              ; Untyped                             ;
; LPM_WIDTHD             ; 4              ; Untyped                             ;
; LPM_NREPRESENTATION    ; UNSIGNED       ; Untyped                             ;
; LPM_DREPRESENTATION    ; UNSIGNED       ; Untyped                             ;
; LPM_PIPELINE           ; 0              ; Untyped                             ;
; LPM_REMAINDERPOSITIVE  ; TRUE           ; Untyped                             ;
; MAXIMIZE_SPEED         ; 5              ; Untyped                             ;
; CBXI_PARAMETER         ; lpm_divide_3am ; Untyped                             ;
; CARRY_CHAIN            ; MANUAL         ; Untyped                             ;
; OPTIMIZE_FOR_SPEED     ; 5              ; Untyped                             ;
; AUTO_CARRY_CHAINS      ; ON             ; AUTO_CARRY                          ;
; IGNORE_CARRY_BUFFERS   ; OFF            ; IGNORE_CARRY                        ;
; AUTO_CASCADE_CHAINS    ; ON             ; AUTO_CASCADE                        ;
; IGNORE_CASCADE_BUFFERS ; OFF            ; IGNORE_CASCADE                      ;
+------------------------+----------------+-------------------------------------+
Note: In order to hide this table in the UI and the text report file, please set the "Show Parameter Settings in Synthesis Report" option in "Analysis and Synthesis Settings -> More Settings" to "Off".


+------------------------------------------------------------------------------------------------------------------------+
; Port Connectivity Checks: "spinny:spin"                                                                                ;
+--------------+--------+----------+-------------------------------------------------------------------------------------+
; Port         ; Type   ; Severity ; Details                                                                             ;
+--------------+--------+----------+-------------------------------------------------------------------------------------+
; spinnyThingy ; Output ; Info     ; Connected to dangling logic. Logic that only feeds a dangling port will be removed. ;
+--------------+--------+----------+-------------------------------------------------------------------------------------+


+--------------------------------------------------------------------------------------------------------------------+
; Port Connectivity Checks: "countdown_timer:timer"                                                                  ;
+----------+--------+----------+-------------------------------------------------------------------------------------+
; Port     ; Type   ; Severity ; Details                                                                             ;
+----------+--------+----------+-------------------------------------------------------------------------------------+
; time_set ; Output ; Info     ; Connected to dangling logic. Logic that only feeds a dangling port will be removed. ;
+----------+--------+----------+-------------------------------------------------------------------------------------+


+----------------------------------------------------+
; Port Connectivity Checks: "timer_fsm:fsm"          ;
+-------+--------+----------+------------------------+
; Port  ; Type   ; Severity ; Details                ;
+-------+--------+----------+------------------------+
; state ; Output ; Info     ; Explicitly unconnected ;
+-------+--------+----------+------------------------+


+-----------------------------------------------------+
; Post-Synthesis Netlist Statistics for Top Partition ;
+-----------------------+-----------------------------+
; Type                  ; Count                       ;
+-----------------------+-----------------------------+
; arriav_ff             ; 50                          ;
;     CLR               ; 11                          ;
;     ENA CLR           ; 6                           ;
;     SCLR              ; 32                          ;
;     plain             ; 1                           ;
; arriav_lcell_comb     ; 128                         ;
;     arith             ; 60                          ;
;         0 data inputs ; 8                           ;
;         1 data inputs ; 36                          ;
;         2 data inputs ; 4                           ;
;         3 data inputs ; 10                          ;
;         4 data inputs ; 2                           ;
;     extend            ; 1                           ;
;         7 data inputs ; 1                           ;
;     normal            ; 57                          ;
;         1 data inputs ; 2                           ;
;         2 data inputs ; 14                          ;
;         3 data inputs ; 13                          ;
;         4 data inputs ; 10                          ;
;         5 data inputs ; 7                           ;
;         6 data inputs ; 11                          ;
;     shared            ; 10                          ;
;         0 data inputs ; 2                           ;
;         1 data inputs ; 8                           ;
; boundary_port         ; 35                          ;
;                       ;                             ;
; Max LUT depth         ; 8.10                        ;
; Average LUT depth     ; 4.46                        ;
+-----------------------+-----------------------------+


+-------------------------------+
; Elapsed Time Per Partition    ;
+----------------+--------------+
; Partition Name ; Elapsed Time ;
+----------------+--------------+
; Top            ; 00:00:00     ;
+----------------+--------------+


+-------------------------------+
; Analysis & Synthesis Messages ;
+-------------------------------+
Info: *******************************************************************
Info: Running Quartus Prime Analysis & Synthesis
    Info: Version 19.1.0 Build 670 09/22/2019 SJ Lite Edition
    Info: Processing started: Sat Dec 07 19:08:21 2024
Info: Command: quartus_map --read_settings_files=on --write_settings_files=off Final -c Final
Warning (18236): Number of processors has not been specified which may cause overloading on shared machines.  Set the global assignment NUM_PARALLEL_PROCESSORS in your QSF to an appropriate value for best performance.
Info (20030): Parallel compilation is enabled and will use 16 of the 16 processors detected
Info (12021): Found 1 design units, including 1 entities, in source file timer_fsm.v
    Info (12023): Found entity 1: timer_fsm File: C:/Users/16146/Documents/ECE Labs/ssh sdhfdgjfd/timer_fsm.v Line: 1
Info (12021): Found 1 design units, including 1 entities, in source file countdown_timer.v
    Info (12023): Found entity 1: countdown_timer File: C:/Users/16146/Documents/ECE Labs/ssh sdhfdgjfd/countdown_timer.v Line: 1
Info (12021): Found 1 design units, including 1 entities, in source file digital_timer.v
    Info (12023): Found entity 1: digital_timer File: C:/Users/16146/Documents/ECE Labs/ssh sdhfdgjfd/digital_timer.v Line: 1
Info (12021): Found 1 design units, including 1 entities, in source file hz_1.v
    Info (12023): Found entity 1: Hz_1 File: C:/Users/16146/Documents/ECE Labs/ssh sdhfdgjfd/Hz_1.v Line: 5
Info (12021): Found 1 design units, including 1 entities, in source file seg7.v
    Info (12023): Found entity 1: seg7 File: C:/Users/16146/Documents/ECE Labs/ssh sdhfdgjfd/seg7.v Line: 1
Info (12021): Found 1 design units, including 1 entities, in source file display.v
    Info (12023): Found entity 1: display File: C:/Users/16146/Documents/ECE Labs/ssh sdhfdgjfd/display.v Line: 1
Info (12021): Found 1 design units, including 1 entities, in source file spinny.v
    Info (12023): Found entity 1: spinny File: C:/Users/16146/Documents/ECE Labs/ssh sdhfdgjfd/spinny.v Line: 1
Warning (10236): Verilog HDL Implicit Net warning at digital_timer.v(54): created implicit net for "HEX5" File: C:/Users/16146/Documents/ECE Labs/ssh sdhfdgjfd/digital_timer.v Line: 54
Info (12127): Elaborating entity "digital_timer" for the top level hierarchy
Warning (10036): Verilog HDL or VHDL warning at digital_timer.v(54): object "HEX5" assigned a value but never read File: C:/Users/16146/Documents/ECE Labs/ssh sdhfdgjfd/digital_timer.v Line: 54
Warning (10230): Verilog HDL assignment warning at digital_timer.v(54): truncated value with size 7 to match size of target (1) File: C:/Users/16146/Documents/ECE Labs/ssh sdhfdgjfd/digital_timer.v Line: 54
Info (12128): Elaborating entity "Hz_1" for hierarchy "Hz_1:clkdiv" File: C:/Users/16146/Documents/ECE Labs/ssh sdhfdgjfd/digital_timer.v Line: 18
Info (12128): Elaborating entity "timer_fsm" for hierarchy "timer_fsm:fsm" File: C:/Users/16146/Documents/ECE Labs/ssh sdhfdgjfd/digital_timer.v Line: 28
Info (12128): Elaborating entity "countdown_timer" for hierarchy "countdown_timer:timer" File: C:/Users/16146/Documents/ECE Labs/ssh sdhfdgjfd/digital_timer.v Line: 39
Warning (10230): Verilog HDL assignment warning at countdown_timer.v(18): truncated value with size 32 to match size of target (6) File: C:/Users/16146/Documents/ECE Labs/ssh sdhfdgjfd/countdown_timer.v Line: 18
Info (12128): Elaborating entity "display" for hierarchy "display:disp" File: C:/Users/16146/Documents/ECE Labs/ssh sdhfdgjfd/digital_timer.v Line: 45
Warning (10230): Verilog HDL assignment warning at display.v(7): truncated value with size 32 to match size of target (4) File: C:/Users/16146/Documents/ECE Labs/ssh sdhfdgjfd/display.v Line: 7
Warning (10230): Verilog HDL assignment warning at display.v(8): truncated value with size 32 to match size of target (4) File: C:/Users/16146/Documents/ECE Labs/ssh sdhfdgjfd/display.v Line: 8
Info (12128): Elaborating entity "seg7" for hierarchy "display:disp|seg7:tensDisp" File: C:/Users/16146/Documents/ECE Labs/ssh sdhfdgjfd/display.v Line: 13
Info (12128): Elaborating entity "spinny" for hierarchy "spinny:spin" File: C:/Users/16146/Documents/ECE Labs/ssh sdhfdgjfd/digital_timer.v Line: 52
Warning (10272): Verilog HDL Case Statement warning at spinny.v(35): case item expression covers a value already covered by a previous case item File: C:/Users/16146/Documents/ECE Labs/ssh sdhfdgjfd/spinny.v Line: 35
Info (10264): Verilog HDL Case Statement information at spinny.v(28): all case item expressions in this case statement are onehot File: C:/Users/16146/Documents/ECE Labs/ssh sdhfdgjfd/spinny.v Line: 28
Warning (10272): Verilog HDL Case Statement warning at spinny.v(50): case item expression covers a value already covered by a previous case item File: C:/Users/16146/Documents/ECE Labs/ssh sdhfdgjfd/spinny.v Line: 50
Info (278001): Inferred 2 megafunctions from design logic
    Info (278004): Inferred divider/modulo megafunction ("lpm_divide") from the following logic: "display:disp|Mod0" File: C:/Users/16146/Documents/ECE Labs/ssh sdhfdgjfd/display.v Line: 8
    Info (278004): Inferred divider/modulo megafunction ("lpm_divide") from the following logic: "display:disp|Div0" File: C:/Users/16146/Documents/ECE Labs/ssh sdhfdgjfd/display.v Line: 7
Info (12130): Elaborated megafunction instantiation "display:disp|lpm_divide:Mod0" File: C:/Users/16146/Documents/ECE Labs/ssh sdhfdgjfd/display.v Line: 8
Info (12133): Instantiated megafunction "display:disp|lpm_divide:Mod0" with the following parameter: File: C:/Users/16146/Documents/ECE Labs/ssh sdhfdgjfd/display.v Line: 8
    Info (12134): Parameter "LPM_WIDTHN" = "6"
    Info (12134): Parameter "LPM_WIDTHD" = "4"
    Info (12134): Parameter "LPM_NREPRESENTATION" = "UNSIGNED"
    Info (12134): Parameter "LPM_DREPRESENTATION" = "UNSIGNED"
Info (12021): Found 1 design units, including 1 entities, in source file db/lpm_divide_62m.tdf
    Info (12023): Found entity 1: lpm_divide_62m File: C:/Users/16146/Documents/ECE Labs/ssh sdhfdgjfd/db/lpm_divide_62m.tdf Line: 25
Info (12021): Found 1 design units, including 1 entities, in source file db/sign_div_unsign_9kh.tdf
    Info (12023): Found entity 1: sign_div_unsign_9kh File: C:/Users/16146/Documents/ECE Labs/ssh sdhfdgjfd/db/sign_div_unsign_9kh.tdf Line: 25
Info (12021): Found 1 design units, including 1 entities, in source file db/alt_u_div_ose.tdf
    Info (12023): Found entity 1: alt_u_div_ose File: C:/Users/16146/Documents/ECE Labs/ssh sdhfdgjfd/db/alt_u_div_ose.tdf Line: 23
Info (12130): Elaborated megafunction instantiation "display:disp|lpm_divide:Div0" File: C:/Users/16146/Documents/ECE Labs/ssh sdhfdgjfd/display.v Line: 7
Info (12133): Instantiated megafunction "display:disp|lpm_divide:Div0" with the following parameter: File: C:/Users/16146/Documents/ECE Labs/ssh sdhfdgjfd/display.v Line: 7
    Info (12134): Parameter "LPM_WIDTHN" = "6"
    Info (12134): Parameter "LPM_WIDTHD" = "4"
    Info (12134): Parameter "LPM_NREPRESENTATION" = "UNSIGNED"
    Info (12134): Parameter "LPM_DREPRESENTATION" = "UNSIGNED"
Info (12021): Found 1 design units, including 1 entities, in source file db/lpm_divide_3am.tdf
    Info (12023): Found entity 1: lpm_divide_3am File: C:/Users/16146/Documents/ECE Labs/ssh sdhfdgjfd/db/lpm_divide_3am.tdf Line: 25
Info (286030): Timing-Driven Synthesis is running
Info (17049): 10 registers lost all their fanouts during netlist optimizations.
Warning (20013): Ignored 24 assignments for entity "DE0_CV_Default" -- entity does not exist in design
    Warning (20014): Assignment for entity set_instance_assignment -name PARTITION_HIERARCHY root_partition -to | -entity DE0_CV_Default -section_id Top was ignored
    Warning (20014): Assignment for entity set_global_assignment -name PARTITION_NETLIST_TYPE SOURCE -entity DE0_CV_Default -section_id Top was ignored
    Warning (20014): Assignment for entity set_global_assignment -name PARTITION_FITTER_PRESERVATION_LEVEL PLACEMENT_AND_ROUTING -entity DE0_CV_Default -section_id Top was ignored
    Warning (20014): Assignment for entity set_global_assignment -name PARTITION_PRESERVE_HIGH_SPEED_TILES ON -entity DE0_CV_Default -section_id Top was ignored
    Warning (20014): Assignment for entity set_global_assignment -name PARTITION_IGNORE_SOURCE_FILE_CHANGES OFF -entity DE0_CV_Default -section_id Top was ignored
    Warning (20014): Assignment for entity set_global_assignment -name PARTITION_ALWAYS_USE_QXP_NETLIST OFF -entity DE0_CV_Default -section_id Top was ignored
    Warning (20014): Assignment for entity set_global_assignment -name PARTITION_COLOR 16764057 -entity DE0_CV_Default -section_id Top was ignored
    Warning (20014): Assignment for entity set_global_assignment -name PARTITION_IMPORT_ASSIGNMENTS ON -entity DE0_CV_Default -section_id Top was ignored
    Warning (20014): Assignment for entity set_global_assignment -name PARTITION_IMPORT_EXISTING_ASSIGNMENTS REPLACE_CONFLICTING -entity DE0_CV_Default -section_id Top was ignored
    Warning (20014): Assignment for entity set_global_assignment -name PARTITION_IMPORT_EXISTING_LOGICLOCK_REGIONS UPDATE_CONFLICTING -entity DE0_CV_Default -section_id Top was ignored
    Warning (20014): Assignment for entity set_global_assignment -name PARTITION_IMPORT_PIN_ASSIGNMENTS ON -entity DE0_CV_Default -section_id Top was ignored
    Warning (20014): Assignment for entity set_global_assignment -name PARTITION_IMPORT_PROMOTE_ASSIGNMENTS ON -entity DE0_CV_Default -section_id Top was ignored
    Warning (20014): Assignment for entity set_global_assignment -name PARTITION_TYPE STANDARD_PARTITION -entity DE0_CV_Default -section_id Top was ignored
    Warning (20014): Assignment for entity set_global_assignment -name ALLOW_MULTIPLE_PERSONAS OFF -entity DE0_CV_Default -section_id Top was ignored
    Warning (20014): Assignment for entity set_global_assignment -name PARTITION_ASD_REGION_ID 1 -entity DE0_CV_Default -section_id Top was ignored
    Warning (20014): Assignment for entity set_global_assignment -name CROSS_BOUNDARY_OPTIMIZATIONS OFF -entity DE0_CV_Default -section_id Top was ignored
    Warning (20014): Assignment for entity set_global_assignment -name PROPAGATE_CONSTANTS_ON_INPUTS ON -entity DE0_CV_Default -section_id Top was ignored
    Warning (20014): Assignment for entity set_global_assignment -name PROPAGATE_INVERSIONS_ON_INPUTS ON -entity DE0_CV_Default -section_id Top was ignored
    Warning (20014): Assignment for entity set_global_assignment -name REMOVE_LOGIC_ON_UNCONNECTED_OUTPUTS ON -entity DE0_CV_Default -section_id Top was ignored
    Warning (20014): Assignment for entity set_global_assignment -name MERGE_EQUIVALENT_INPUTS ON -entity DE0_CV_Default -section_id Top was ignored
    Warning (20014): Assignment for entity set_global_assignment -name MERGE_EQUIVALENT_BIDIRS ON -entity DE0_CV_Default -section_id Top was ignored
    Warning (20014): Assignment for entity set_global_assignment -name ABSORB_PATHS_FROM_OUTPUTS_TO_INPUTS ON -entity DE0_CV_Default -section_id Top was ignored
    Warning (20014): Assignment for entity set_global_assignment -name PARTITION_EXTRACT_HARD_BLOCK_NODES ON -entity DE0_CV_Default -section_id Top was ignored
    Warning (20014): Assignment for entity set_global_assignment -name PARTITION_ENABLE_STRICT_PRESERVATION OFF -entity DE0_CV_Default -section_id Top was ignored
Info (144001): Generated suppressed messages file C:/Users/16146/Documents/ECE Labs/ssh sdhfdgjfd/output_files/Final.map.smsg
Info (16010): Generating hard_block partition "hard_block:auto_generated_inst"
    Info (16011): Adding 0 node(s), including 0 DDIO, 0 PLL, 0 transceiver and 0 LCELL
Warning (21074): Design contains 2 input pin(s) that do not drive logic
    Warning (15610): No output dependent on input pin "KEY[2]" File: C:/Users/16146/Documents/ECE Labs/ssh sdhfdgjfd/digital_timer.v Line: 3
    Warning (15610): No output dependent on input pin "KEY[3]" File: C:/Users/16146/Documents/ECE Labs/ssh sdhfdgjfd/digital_timer.v Line: 3
Info (21057): Implemented 168 device resources after synthesis - the final resource count might be different
    Info (21058): Implemented 11 input pins
    Info (21059): Implemented 24 output pins
    Info (21061): Implemented 133 logic cells
Info: Quartus Prime Analysis & Synthesis was successful. 0 errors, 37 warnings
    Info: Peak virtual memory: 4908 megabytes
    Info: Processing ended: Sat Dec 07 19:08:26 2024
    Info: Elapsed time: 00:00:05
    Info: Total CPU time (on all processors): 00:00:02


+------------------------------------------+
; Analysis & Synthesis Suppressed Messages ;
+------------------------------------------+
The suppressed messages can be found in C:/Users/16146/Documents/ECE Labs/ssh sdhfdgjfd/output_files/Final.map.smsg.


